<?xml version="1.0" encoding="UTF-8"?>
<!-- Generated by org.testng.reporters.JUnitXMLReporter -->
<testsuite ignored="2" hostname="Yadu" failures="1" tests="5" name="Test" time="30.514" errors="0" timestamp="2022-02-10T17:27:48 IST">
  <testcase classname="com.OrangeHrm.ExtentOrangeHrm.LoginTest" name="invalidLoginTest" time="1.86"/>
  <testcase classname="com.OrangeHrm.ExtentOrangeHrm.LoginTest" name="invalidLoginTest" time="1.983"/>
  <testcase classname="com.OrangeHrm.ExtentOrangeHrm.LoginTest" name="invalidLoginTest" time="1.695"/>
  <testcase classname="com.OrangeHrm.ExtentOrangeHrm.LoginTest" name="validLoginTest" time="6.723"/>
  <testcase classname="com.OrangeHrm.ExtentOrangeHrm.VerifyTitle" name="verifyTitleTest" time="0.013">
    <failure type="java.lang.AssertionError" message="expected [OrangeHrm] but found [OrangeHRM]">
      <![CDATA[java.lang.AssertionError: expected [OrangeHrm] but found [OrangeHRM]
at com.OrangeHrm.ExtentOrangeHrm.VerifyTitle.verifyTitleTest(VerifyTitle.java:16)
at java.base/java.util.ArrayList.forEach(ArrayList.java:1511)
... Removed 33 stack frames]]>
    </failure>
  </testcase> <!-- verifyTitleTest -->
  <testcase classname="com.OrangeHrm.ExtentOrangeHrm.BaseTest" name="@BeforeSuite setUp" time="0.0">
    <ignored/>
  </testcase> <!-- @BeforeSuite setUp -->
  <testcase classname="com.OrangeHrm.ExtentOrangeHrm.BaseTest" name="@AfterSuite closeReport" time="0.0">
    <ignored/>
  </testcase> <!-- @AfterSuite closeReport -->
</testsuite> <!-- Test -->
