<?xml version="1.0" encoding="UTF-8"?>
<testng-results ignored="2" total="7" passed="4" failed="1" skipped="0">
  <reporter-output>
  </reporter-output>
  <suite started-at="2022-02-10T17:27:18 IST" name="Suite" finished-at="2022-02-10T17:27:48 IST" duration-ms="30514">
    <groups>
    </groups>
    <test started-at="2022-02-10T17:27:18 IST" name="Test" finished-at="2022-02-10T17:27:48 IST" duration-ms="30514">
      <class name="com.OrangeHrm.ExtentOrangeHrm.LoginTest">
        <test-method is-config="true" signature="setUp()[pri:0, instance:com.OrangeHrm.ExtentOrangeHrm.LoginTest@436813f3]" started-at="2022-02-10T17:27:17 IST" name="setUp" finished-at="2022-02-10T17:27:18 IST" duration-ms="307" status="PASS">
          <reporter-output>
          </reporter-output>
        </test-method> <!-- setUp -->
        <test-method is-config="true" signature="openBrowser()[pri:0, instance:com.OrangeHrm.ExtentOrangeHrm.LoginTest@436813f3]" started-at="2022-02-10T17:27:18 IST" name="openBrowser" finished-at="2022-02-10T17:27:26 IST" duration-ms="8924" status="PASS">
          <reporter-output>
          </reporter-output>
        </test-method> <!-- openBrowser -->
        <test-method signature="invalidLoginTest(java.lang.String,java.lang.String)[pri:1, instance:com.OrangeHrm.ExtentOrangeHrm.LoginTest@436813f3]" started-at="2022-02-10T17:27:27 IST" name="invalidLoginTest" data-provider="invalid data" finished-at="2022-02-10T17:27:28 IST" duration-ms="1860" status="PASS">
          <params>
            <param index="0">
              <value>
                <![CDATA[admi]]>
              </value>
            </param>
            <param index="1">
              <value>
                <![CDATA[admin123]]>
              </value>
            </param>
          </params>
          <reporter-output>
          </reporter-output>
        </test-method> <!-- invalidLoginTest -->
        <test-method is-config="true" signature="logStatus(org.testng.ITestResult)[pri:0, instance:com.OrangeHrm.ExtentOrangeHrm.LoginTest@436813f3]" started-at="2022-02-10T17:27:28 IST" name="logStatus" finished-at="2022-02-10T17:27:28 IST" duration-ms="5" status="PASS">
          <params>
            <param index="0">
              <value>
                <![CDATA[[TestResult name=invalidLoginTest status=SUCCESS method=LoginTest.invalidLoginTest(java.lang.String,java.lang.String)[pri:1, instance:com.OrangeHrm.ExtentOrangeHrm.LoginTest@436813f3] output={null}]]]>
              </value>
            </param>
          </params>
          <reporter-output>
          </reporter-output>
        </test-method> <!-- logStatus -->
        <test-method signature="invalidLoginTest(java.lang.String,java.lang.String)[pri:1, instance:com.OrangeHrm.ExtentOrangeHrm.LoginTest@436813f3]" started-at="2022-02-10T17:27:28 IST" name="invalidLoginTest" data-provider="invalid data" finished-at="2022-02-10T17:27:30 IST" duration-ms="1983" status="PASS">
          <params>
            <param index="0">
              <value>
                <![CDATA[Admin]]>
              </value>
            </param>
            <param index="1">
              <value>
                <![CDATA[admin]]>
              </value>
            </param>
          </params>
          <reporter-output>
          </reporter-output>
        </test-method> <!-- invalidLoginTest -->
        <test-method is-config="true" signature="logStatus(org.testng.ITestResult)[pri:0, instance:com.OrangeHrm.ExtentOrangeHrm.LoginTest@436813f3]" started-at="2022-02-10T17:27:30 IST" name="logStatus" finished-at="2022-02-10T17:27:30 IST" duration-ms="1" status="PASS">
          <params>
            <param index="0">
              <value>
                <![CDATA[[TestResult name=invalidLoginTest status=SUCCESS method=LoginTest.invalidLoginTest(java.lang.String,java.lang.String)[pri:1, instance:com.OrangeHrm.ExtentOrangeHrm.LoginTest@436813f3] output={null}]]]>
              </value>
            </param>
          </params>
          <reporter-output>
          </reporter-output>
        </test-method> <!-- logStatus -->
        <test-method signature="invalidLoginTest(java.lang.String,java.lang.String)[pri:1, instance:com.OrangeHrm.ExtentOrangeHrm.LoginTest@436813f3]" started-at="2022-02-10T17:27:30 IST" name="invalidLoginTest" data-provider="invalid data" finished-at="2022-02-10T17:27:32 IST" duration-ms="1695" status="PASS">
          <params>
            <param index="0">
              <value>
                <![CDATA[adm]]>
              </value>
            </param>
            <param index="1">
              <value>
                <![CDATA[adm]]>
              </value>
            </param>
          </params>
          <reporter-output>
          </reporter-output>
        </test-method> <!-- invalidLoginTest -->
        <test-method is-config="true" signature="logStatus(org.testng.ITestResult)[pri:0, instance:com.OrangeHrm.ExtentOrangeHrm.LoginTest@436813f3]" started-at="2022-02-10T17:27:32 IST" name="logStatus" finished-at="2022-02-10T17:27:32 IST" duration-ms="1" status="PASS">
          <params>
            <param index="0">
              <value>
                <![CDATA[[TestResult name=invalidLoginTest status=SUCCESS method=LoginTest.invalidLoginTest(java.lang.String,java.lang.String)[pri:1, instance:com.OrangeHrm.ExtentOrangeHrm.LoginTest@436813f3] output={null}]]]>
              </value>
            </param>
          </params>
          <reporter-output>
          </reporter-output>
        </test-method> <!-- logStatus -->
        <test-method signature="validLoginTest()[pri:2, instance:com.OrangeHrm.ExtentOrangeHrm.LoginTest@436813f3]" started-at="2022-02-10T17:27:32 IST" name="validLoginTest" finished-at="2022-02-10T17:27:39 IST" duration-ms="6723" status="PASS">
          <reporter-output>
          </reporter-output>
        </test-method> <!-- validLoginTest -->
        <test-method is-config="true" signature="logStatus(org.testng.ITestResult)[pri:0, instance:com.OrangeHrm.ExtentOrangeHrm.LoginTest@436813f3]" started-at="2022-02-10T17:27:39 IST" name="logStatus" finished-at="2022-02-10T17:27:39 IST" duration-ms="1" status="PASS">
          <params>
            <param index="0">
              <value>
                <![CDATA[[TestResult name=validLoginTest status=SUCCESS method=LoginTest.validLoginTest()[pri:2, instance:com.OrangeHrm.ExtentOrangeHrm.LoginTest@436813f3] output={null}]]]>
              </value>
            </param>
          </params>
          <reporter-output>
          </reporter-output>
        </test-method> <!-- logStatus -->
        <test-method is-config="true" signature="closeBrowser()[pri:0, instance:com.OrangeHrm.ExtentOrangeHrm.LoginTest@436813f3]" started-at="2022-02-10T17:27:39 IST" name="closeBrowser" finished-at="2022-02-10T17:27:39 IST" duration-ms="284" status="PASS">
          <reporter-output>
          </reporter-output>
        </test-method> <!-- closeBrowser -->
        <test-method is-config="true" signature="closeReport()[pri:0, instance:com.OrangeHrm.ExtentOrangeHrm.LoginTest@436813f3]" started-at="2022-02-10T17:27:48 IST" name="closeReport" finished-at="2022-02-10T17:27:49 IST" duration-ms="498" status="PASS">
          <reporter-output>
          </reporter-output>
        </test-method> <!-- closeReport -->
      </class> <!-- com.OrangeHrm.ExtentOrangeHrm.LoginTest -->
      <class name="com.OrangeHrm.ExtentOrangeHrm.VerifyTitle">
        <test-method is-config="true" signature="openBrowser()[pri:0, instance:com.OrangeHrm.ExtentOrangeHrm.VerifyTitle@5c33f1a9]" started-at="2022-02-10T17:27:39 IST" name="openBrowser" finished-at="2022-02-10T17:27:47 IST" duration-ms="8232" status="PASS">
          <reporter-output>
          </reporter-output>
        </test-method> <!-- openBrowser -->
        <test-method signature="verifyTitleTest()[pri:0, instance:com.OrangeHrm.ExtentOrangeHrm.VerifyTitle@5c33f1a9]" started-at="2022-02-10T17:27:47 IST" name="verifyTitleTest" finished-at="2022-02-10T17:27:47 IST" duration-ms="13" status="FAIL">
          <exception class="java.lang.AssertionError">
            <message>
              <![CDATA[expected [OrangeHrm] but found [OrangeHRM]]]>
            </message>
            <full-stacktrace>
              <![CDATA[java.lang.AssertionError: expected [OrangeHrm] but found [OrangeHRM]
at org.testng.Assert.fail(Assert.java:110)
at org.testng.Assert.failNotEquals(Assert.java:1413)
at org.testng.Assert.assertEqualsImpl(Assert.java:149)
at org.testng.Assert.assertEquals(Assert.java:131)
at org.testng.Assert.assertEquals(Assert.java:655)
at org.testng.Assert.assertEquals(Assert.java:665)
at com.OrangeHrm.ExtentOrangeHrm.VerifyTitle.verifyTitleTest(VerifyTitle.java:16)
at java.base/jdk.internal.reflect.NativeMethodAccessorImpl.invoke0(Native Method)
at java.base/jdk.internal.reflect.NativeMethodAccessorImpl.invoke(NativeMethodAccessorImpl.java:77)
at java.base/jdk.internal.reflect.DelegatingMethodAccessorImpl.invoke(DelegatingMethodAccessorImpl.java:43)
at java.base/java.lang.reflect.Method.invoke(Method.java:568)
at org.testng.internal.invokers.MethodInvocationHelper.invokeMethod(MethodInvocationHelper.java:135)
at org.testng.internal.invokers.TestInvoker.invokeMethod(TestInvoker.java:673)
at org.testng.internal.invokers.TestInvoker.invokeTestMethod(TestInvoker.java:220)
at org.testng.internal.invokers.MethodRunner.runInSequence(MethodRunner.java:50)
at org.testng.internal.invokers.TestInvoker$MethodInvocationAgent.invoke(TestInvoker.java:945)
at org.testng.internal.invokers.TestInvoker.invokeTestMethods(TestInvoker.java:193)
at org.testng.internal.invokers.TestMethodWorker.invokeTestMethods(TestMethodWorker.java:146)
at org.testng.internal.invokers.TestMethodWorker.run(TestMethodWorker.java:128)
at java.base/java.util.ArrayList.forEach(ArrayList.java:1511)
at org.testng.TestRunner.privateRun(TestRunner.java:808)
at org.testng.TestRunner.run(TestRunner.java:603)
at org.testng.SuiteRunner.runTest(SuiteRunner.java:429)
at org.testng.SuiteRunner.runSequentially(SuiteRunner.java:423)
at org.testng.SuiteRunner.privateRun(SuiteRunner.java:383)
at org.testng.SuiteRunner.run(SuiteRunner.java:326)
at org.testng.SuiteRunnerWorker.runSuite(SuiteRunnerWorker.java:52)
at org.testng.SuiteRunnerWorker.run(SuiteRunnerWorker.java:95)
at org.testng.TestNG.runSuitesSequentially(TestNG.java:1249)
at org.testng.TestNG.runSuitesLocally(TestNG.java:1169)
at org.testng.TestNG.runSuites(TestNG.java:1092)
at org.testng.TestNG.run(TestNG.java:1060)
at org.testng.remote.AbstractRemoteTestNG.run(AbstractRemoteTestNG.java:115)
at org.testng.remote.RemoteTestNG.initAndRun(RemoteTestNG.java:251)
at org.testng.remote.RemoteTestNG.main(RemoteTestNG.java:77)
]]>
            </full-stacktrace>
          </exception> <!-- java.lang.AssertionError -->
          <reporter-output>
          </reporter-output>
        </test-method> <!-- verifyTitleTest -->
        <test-method is-config="true" signature="logStatus(org.testng.ITestResult)[pri:0, instance:com.OrangeHrm.ExtentOrangeHrm.VerifyTitle@5c33f1a9]" started-at="2022-02-10T17:27:47 IST" name="logStatus" finished-at="2022-02-10T17:27:48 IST" duration-ms="524" status="PASS">
          <params>
            <param index="0">
              <value>
                <![CDATA[[TestResult name=verifyTitleTest status=FAILURE method=VerifyTitle.verifyTitleTest()[pri:0, instance:com.OrangeHrm.ExtentOrangeHrm.VerifyTitle@5c33f1a9] output={null}]]]>
              </value>
            </param>
          </params>
          <reporter-output>
          </reporter-output>
        </test-method> <!-- logStatus -->
        <test-method is-config="true" signature="closeBrowser()[pri:0, instance:com.OrangeHrm.ExtentOrangeHrm.VerifyTitle@5c33f1a9]" started-at="2022-02-10T17:27:48 IST" name="closeBrowser" finished-at="2022-02-10T17:27:48 IST" duration-ms="190" status="PASS">
          <reporter-output>
          </reporter-output>
        </test-method> <!-- closeBrowser -->
      </class> <!-- com.OrangeHrm.ExtentOrangeHrm.VerifyTitle -->
    </test> <!-- Test -->
  </suite> <!-- Suite -->
</testng-results>
